DEBUG | 2011-05-19 08:06:49,973 | 2744 | view.views.home | home
DEBUG | 2011-05-19 08:06:49,973 | 2744 | view.views.home | home 620459358
DEBUG | 2011-05-19 08:07:02,509 | 2744 | view.views.xhr_subscription | xhr_subscription
DEBUG | 2011-05-19 08:07:02,509 | 2744 | view.views.xhr_subscription | prefix 0034
DEBUG | 2011-05-19 08:07:02,509 | 2744 | view.views.xhr_subscription | POST
DEBUG | 2011-05-19 08:07:02,510 | 2744 | view.views.create_subscription | create_subscription
DEBUG | 2011-05-19 08:07:02,510 | 2744 | NESManager.manager.save_subscription | save_subscription
DEBUG | 2011-05-19 08:07:02,512 | 2744 | NESManager.manager.save_subscription | json_data: {"directionMode": true, "addressDirection": "Both", "monitoredParty": {"phoneNumber": "0034620459358"}, "reference": {"endpoint": "http://212.179.159.77/nesphase2", "interfaceName": "ParlayX"}, "criteria": ["CalledNumber"]}
DEBUG | 2011-05-19 08:07:03,829 | 2744 | view.views.xhr_subscription | xhr_subscription
DEBUG | 2011-05-19 08:07:03,831 | 2744 | view.views.xhr_subscription | prefix 0034
DEBUG | 2011-05-19 08:07:03,831 | 2744 | view.views.xhr_subscription | POST
DEBUG | 2011-05-19 08:07:03,831 | 2744 | view.views.create_subscription | create_subscription
DEBUG | 2011-05-19 08:07:03,831 | 2744 | NESManager.manager.save_subscription | save_subscription
DEBUG | 2011-05-19 08:07:03,831 | 2744 | NESManager.manager.save_subscription | json_data: {"directionMode": true, "addressDirection": "Both", "monitoredParty": {"phoneNumber": "0034620459358"}, "reference": {"endpoint": "http://212.179.159.77/nesphase2", "interfaceName": "ParlayX"}, "criteria": ["CalledNumber"]}
DEBUG | 2011-05-19 08:07:10,263 | 2744 | view.views.home | home
DEBUG | 2011-05-19 08:07:10,263 | 2744 | view.views.home | home 620459358
DEBUG | 2011-05-19 08:07:51,325 | 2744 | view.views.xhr_subscription | xhr_subscription
DEBUG | 2011-05-19 08:07:51,325 | 2744 | view.views.xhr_subscription | prefix 0034
DEBUG | 2011-05-19 08:07:51,325 | 2744 | view.views.xhr_subscription | POST
DEBUG | 2011-05-19 08:07:51,325 | 2744 | view.views.create_subscription | create_subscription
DEBUG | 2011-05-19 08:07:51,325 | 2744 | NESManager.manager.save_subscription | save_subscription
DEBUG | 2011-05-19 08:07:51,325 | 2744 | NESManager.manager.save_subscription | json_data: {"directionMode": true, "addressDirection": "Both", "monitoredParty": {"phoneNumber": "0034620459358"}, "reference": {"endpoint": "http://212.179.159.77/nesphase2", "interfaceName": "ParlayX"}, "criteria": ["CalledNumber"]}
DEBUG | 2011-05-19 08:08:48,621 | 4272 | view.views.home | home
DEBUG | 2011-05-19 08:08:48,621 | 4272 | view.views.home | home 620459358
DEBUG | 2011-05-19 08:08:54,082 | 4272 | view.views.xhr_subscription | xhr_subscription
DEBUG | 2011-05-19 08:08:54,082 | 4272 | view.views.xhr_subscription | prefix 0034
DEBUG | 2011-05-19 08:08:54,082 | 4272 | view.views.xhr_subscription | POST
DEBUG | 2011-05-19 08:08:54,082 | 4272 | view.views.create_subscription | create_subscription
DEBUG | 2011-05-19 08:08:54,084 | 4272 | NESManager.manager.save_subscription | save_subscription
DEBUG | 2011-05-19 08:08:54,084 | 4272 | NESManager.manager.save_subscription | json_data: {"directionMode": true, "addressDirection": "Both", "monitoredParty": {"phoneNumber": "0034620459358"}, "reference": {"endpoint": "http://212.179.159.77/nesphase2", "interfaceName": "ParlayX"}, "criteria": ["CalledNumber"]}
DEBUG | 2011-05-19 08:08:54,293 | 4272 | NESManager.manager.save_subscription | save_subscription
DEBUG | 2011-05-19 08:08:54,293 | 4272 | NESManager.manager.save_subscription | json_data: {"directionMode": true, "addressDirection": "Called", "monitoredParty": {"phoneNumber": "0034666777999"}, "reference": {"endpoint": "http://212.179.159.77/nesphase2", "interfaceName": "ParlayX"}, "criteria": ["CalledNumber"]}
DEBUG | 2011-05-19 08:08:54,414 | 4272 | view.views.manage_subscription | manage_subscription
DEBUG | 2011-05-19 08:08:54,417 | 4272 | view.views.manage_subscription | real_number 620459358
DEBUG | 2011-05-19 08:08:54,526 | 4272 | view.views.manage_subscription | save
DEBUG | 2011-05-19 08:09:13,319 | 4272 | soaplib.service.service.build_public_methods | building public methods
DEBUG | 2011-05-19 08:09:13,322 | 4272 | soaplib.wsgi.wsgi.build_schema | adding method '{http://127.0.0.1:8000}HandleEvent'
DEBUG | 2011-05-19 08:09:13,322 | 4272 | soaplib.wsgi.wsgi.build_schema | adding method '{http://127.0.0.1:8000}Test'
DEBUG | 2011-05-19 08:09:13,322 | 4272 | soaplib.wsgi.wsgi.build_schema | adding method '{http://127.0.0.1:8000}hello_world'
DEBUG | 2011-05-19 08:10:11,301 | 3500 | soaplib.service.service.build_public_methods | building public methods
DEBUG | 2011-05-19 08:10:11,301 | 3500 | soaplib.wsgi.wsgi.build_schema | adding method '{http://127.0.0.1:8000}HandleEvent'
DEBUG | 2011-05-19 08:10:11,301 | 3500 | soaplib.wsgi.wsgi.build_schema | adding method '{http://127.0.0.1:8000}Test'
DEBUG | 2011-05-19 08:10:11,302 | 3500 | soaplib.wsgi.wsgi.build_schema | adding method '{http://127.0.0.1:8000}hello_world'
DEBUG | 2011-05-19 08:12:06,684 | 3500 | nes_api_rest.views.views.handle | handle
DEBUG | 2011-05-19 08:12:06,684 | 3500 | NESManager.manager.handle | called:0034620459358
DEBUG | 2011-05-19 08:12:06,686 | 3500 | NESManager.manager.handle | calling:0034666111000
DEBUG | 2011-05-19 08:12:06,686 | 3500 | NESManager.manager.handle | calledParticipant:620459358
DEBUG | 2011-05-19 08:12:06,687 | 3500 | NESManager.manager.handle | callingParticipant:666111000
DEBUG | 2011-05-19 08:12:06,687 | 3500 | NESManager.manager.handle | callSessionID:129916513689383
DEBUG | 2011-05-19 08:12:06,763 | 3500 | nes_api_rest.views.views.handle | json_data: {"action": {"transactionId": "0123456789", "callingPartyAddress": {"phoneNumber": "#666111000"}, "routingAddress": {"phoneNumber": "620459358"}, "legId": "2", "actionToPerform": "Route"}, "callSessionID": "129916513689383"}
DEBUG | 2011-05-22 08:12:26,970 | 5540 | view.views.home | home
DEBUG | 2011-05-22 08:12:26,970 | 5540 | view.views.home | home 620459358
DEBUG | 2011-05-22 08:15:51,996 | 5540 | soaplib.service.service.build_public_methods | building public methods
DEBUG | 2011-05-22 08:17:54,400 | 1880 | soaplib.service.service.build_public_methods | building public methods
DEBUG | 2011-05-22 08:17:54,400 | 1880 | soaplib.wsgi.wsgi.build_schema | adding method '{http://127.0.0.1:8000}Test'
DEBUG | 2011-05-22 08:17:54,400 | 1880 | soaplib.wsgi.wsgi.build_schema | adding method '{http://127.0.0.1:8000}hello_world'
DEBUG | 2011-05-22 08:18:19,355 | 1880 | view.views.xhr_subscription | xhr_subscription
DEBUG | 2011-05-22 08:18:19,355 | 1880 | view.views.xhr_subscription | prefix 0034
DEBUG | 2011-05-22 08:18:19,355 | 1880 | view.views.xhr_subscription | DELETE
DEBUG | 2011-05-22 08:18:19,355 | 1880 | view.views.delete_subscription | delete_susbcription
DEBUG | 2011-05-22 08:18:19,496 | 1880 | view.views.delete_subscription | 0034620459358
DEBUG | 2011-05-22 08:18:19,608 | 1880 | view.views.delete_subscription | 0034666777999
DEBUG | 2011-05-22 08:18:19,609 | 1880 | view.views.delete_subscription | correlator_list: 222,222
DEBUG | 2011-05-22 08:18:19,609 | 1880 | NESManager.manager.delete_subscription | delete_subscription
DEBUG | 2011-05-22 08:18:22,854 | 1880 | view.views.manage_subscription | manage_subscription
DEBUG | 2011-05-22 08:18:22,854 | 1880 | view.views.manage_subscription | real_number 620459358
DEBUG | 2011-05-22 08:18:23,098 | 1880 | view.views.manage_subscription | delete
DEBUG | 2011-05-22 08:23:04,759 | 3988 | soaplib.service.service.build_public_methods | building public methods
DEBUG | 2011-05-22 08:23:04,760 | 3988 | soaplib.wsgi.wsgi.build_schema | adding method '{http://127.0.0.1:8000}Test'
DEBUG | 2011-05-22 08:23:04,760 | 3988 | soaplib.wsgi.wsgi.build_schema | adding method '{http://127.0.0.1:8000}hello_world'
DEBUG | 2011-05-22 08:24:29,454 | 3988 | view.views.xhr_subscription | xhr_subscription
DEBUG | 2011-05-22 08:24:29,456 | 3988 | view.views.xhr_subscription | prefix 0034
DEBUG | 2011-05-22 08:24:29,456 | 3988 | view.views.xhr_subscription | POST
DEBUG | 2011-05-22 08:24:29,457 | 3988 | view.views.create_subscription | create_subscription
DEBUG | 2011-05-22 08:24:29,457 | 3988 | NESManager.manager.save_subscription | save_subscription
DEBUG | 2011-05-22 08:24:29,457 | 3988 | NESManager.manager.save_subscription | json_data: {"startCallNotification": {"directionMode": true, "addressDirection": "Both", "monitoredParty": {"phoneNumber": "0034620459358"}, "reference": {"endpoint": "http://212.179.159.77/nesphase2", "interfaceName": "ParlayX"}, "criteria": ["CalledNumber"]}}
DEBUG | 2011-05-22 08:24:34,582 | 3988 | view.views.home | home
DEBUG | 2011-05-22 08:24:34,584 | 3988 | view.views.home | home 620459358
DEBUG | 2011-05-22 08:25:23,430 | 3988 | view.views.xhr_subscription | xhr_subscription
DEBUG | 2011-05-22 08:25:23,431 | 3988 | view.views.xhr_subscription | prefix 0034
DEBUG | 2011-05-22 08:25:23,433 | 3988 | view.views.xhr_subscription | POST
DEBUG | 2011-05-22 08:25:23,433 | 3988 | view.views.create_subscription | create_subscription
DEBUG | 2011-05-22 08:25:23,433 | 3988 | NESManager.manager.save_subscription | save_subscription
DEBUG | 2011-05-22 08:25:23,434 | 3988 | NESManager.manager.save_subscription | json_data: {"startCallNotification": {"directionMode": true, "addressDirection": "Both", "monitoredParty": {"phoneNumber": "0034620459358"}, "reference": {"endpoint": "http://212.179.159.77/nesphase2", "interfaceName": "ParlayX"}, "criteria": ["CalledNumber"]}}
DEBUG | 2011-05-22 08:25:29,424 | 3988 | view.views.home | home
DEBUG | 2011-05-22 08:25:29,424 | 3988 | view.views.home | home 620459358
DEBUG | 2011-05-22 08:27:56,460 | 200 | view.views.xhr_subscription | xhr_subscription
DEBUG | 2011-05-22 08:27:56,460 | 200 | view.views.xhr_subscription | prefix 0034
DEBUG | 2011-05-22 08:27:56,460 | 200 | view.views.xhr_subscription | POST
DEBUG | 2011-05-22 08:27:56,461 | 200 | view.views.create_subscription | create_subscription
DEBUG | 2011-05-22 08:28:25,780 | 200 | NESManager.manager.save_subscription | save_subscription
DEBUG | 2011-05-22 08:28:30,207 | 200 | NESManager.manager.save_subscription | json_data: {"startCallNotification": {"directionMode": true, "addressDirection": "Both", "monitoredParty": {"phoneNumber": "0034620459358"}, "reference": {"endpoint": "http://212.179.159.77/nesphase2", "interfaceName": "ParlayX"}, "criteria": ["CalledNumber"]}}
DEBUG | 2011-05-22 08:31:05,118 | 200 | view.views.xhr_subscription | xhr_subscription
DEBUG | 2011-05-22 08:31:05,118 | 200 | view.views.xhr_subscription | prefix 0034
DEBUG | 2011-05-22 08:31:05,118 | 200 | view.views.xhr_subscription | POST
DEBUG | 2011-05-22 08:31:05,119 | 200 | view.views.create_subscription | create_subscription
DEBUG | 2011-05-22 08:31:28,835 | 2400 | view.views.home | home
DEBUG | 2011-05-22 08:31:28,835 | 2400 | view.views.home | home 620459358
DEBUG | 2011-05-22 08:31:48,229 | 2400 | view.views.xhr_subscription | xhr_subscription
DEBUG | 2011-05-22 08:31:48,233 | 2400 | view.views.xhr_subscription | prefix 0034
DEBUG | 2011-05-22 08:31:48,233 | 2400 | view.views.xhr_subscription | POST
DEBUG | 2011-05-22 08:31:48,234 | 2400 | view.views.create_subscription | create_subscription
DEBUG | 2011-05-22 08:31:48,236 | 2400 | NESManager.manager.save_subscription | save_subscription
DEBUG | 2011-05-22 08:31:48,237 | 2400 | NESManager.manager.save_subscription | json_data: {"startCallNotification": {"directionMode": true, "addressDirection": "Both", "monitoredParty": {"phoneNumber": "0034620459358"}, "reference": {"endpoint": "http://212.179.159.77/nesphase2", "interfaceName": "ParlayX"}, "criteria": ["CalledNumber"]}}
DEBUG | 2011-05-22 08:36:14,489 | 3680 | view.views.home | home
DEBUG | 2011-05-22 08:36:14,490 | 3680 | view.views.home | home 620459358
DEBUG | 2011-05-22 08:36:19,660 | 3680 | view.views.xhr_subscription | xhr_subscription
DEBUG | 2011-05-22 08:36:19,664 | 3680 | view.views.xhr_subscription | prefix 0034
DEBUG | 2011-05-22 08:36:19,664 | 3680 | view.views.xhr_subscription | POST
DEBUG | 2011-05-22 08:36:19,665 | 3680 | view.views.create_subscription | create_subscription
DEBUG | 2011-05-22 08:36:19,667 | 3680 | NESManager.manager.save_subscription | save_subscription
DEBUG | 2011-05-22 08:36:19,670 | 3680 | NESManager.manager.save_subscription | json_data: {"startCallNotification": {"directionMode": true, "addressDirection": "Both", "monitoredParty": {"phoneNumber": "0034620459358"}, "reference": {"endpoint": "http://212.179.159.77/nesphase2", "interfaceName": "ParlayX"}, "criteria": ["CalledNumber"]}}
DEBUG | 2011-05-22 08:36:43,302 | 3680 | NESManager.manager.save_subscription | save_subscription
DEBUG | 2011-05-22 08:36:43,305 | 3680 | NESManager.manager.save_subscription | json_data: {"startCallNotification": {"directionMode": true, "addressDirection": "Called", "monitoredParty": {"phoneNumber": "0034666777999"}, "reference": {"endpoint": "http://212.179.159.77/nesphase2", "interfaceName": "ParlayX"}, "criteria": ["CalledNumber"]}}
DEBUG | 2011-05-22 08:36:43,447 | 3680 | view.views.manage_subscription | manage_subscription
DEBUG | 2011-05-22 08:36:43,447 | 3680 | view.views.manage_subscription | real_number 620459358
DEBUG | 2011-05-22 08:36:43,563 | 3680 | view.views.manage_subscription | save
DEBUG | 2011-05-22 08:36:50,382 | 3680 | soaplib.service.service.build_public_methods | building public methods
DEBUG | 2011-05-22 08:36:50,384 | 3680 | soaplib.wsgi.wsgi.build_schema | adding method '{http://127.0.0.1:8000}Test'
DEBUG | 2011-05-22 08:36:50,384 | 3680 | soaplib.wsgi.wsgi.build_schema | adding method '{http://127.0.0.1:8000}hello_world'
DEBUG | 2011-05-22 08:43:58,946 | 3680 | view.views.xhr_subscription | xhr_subscription
DEBUG | 2011-05-22 08:43:58,947 | 3680 | view.views.xhr_subscription | prefix 0034
DEBUG | 2011-05-22 08:43:58,947 | 3680 | view.views.xhr_subscription | DELETE
DEBUG | 2011-05-22 08:43:58,947 | 3680 | view.views.delete_subscription | delete_susbcription
DEBUG | 2011-05-22 08:43:59,255 | 3680 | view.views.delete_subscription | 0034620459358
DEBUG | 2011-05-22 08:43:59,387 | 3680 | view.views.delete_subscription | 0034666777999
DEBUG | 2011-05-22 08:43:59,388 | 3680 | view.views.delete_subscription | correlator_list: 222,222
DEBUG | 2011-05-22 08:43:59,390 | 3680 | NESManager.manager.delete_subscription | delete_subscription
DEBUG | 2011-05-22 08:43:59,391 | 3680 | view.views.manage_subscription | manage_subscription
DEBUG | 2011-05-22 08:43:59,392 | 3680 | view.views.manage_subscription | real_number 620459358
DEBUG | 2011-05-22 08:43:59,642 | 3680 | view.views.manage_subscription | delete
DEBUG | 2011-05-22 08:48:17,092 | 5640 | view.views.home | home
DEBUG | 2011-05-22 08:48:17,092 | 5640 | view.views.home | home 620459358
DEBUG | 2011-05-22 08:48:22,663 | 5640 | view.views.xhr_subscription | xhr_subscription
DEBUG | 2011-05-22 08:48:22,664 | 5640 | view.views.xhr_subscription | POST
DEBUG | 2011-05-22 08:48:22,664 | 5640 | view.views.create_subscription | create_subscription
DEBUG | 2011-05-22 08:48:22,664 | 5640 | NESManager.manager.save_subscription | save_subscription
DEBUG | 2011-05-22 08:48:22,664 | 5640 | NESManager.manager.save_subscription | json_data: {"startCallNotification": {"directionMode": true, "addressDirection": "Both", "monitoredParty": {"phoneNumber": "620459358"}, "reference": {"endpoint": "http://212.179.159.77/nesphase2", "interfaceName": "ParlayX"}, "criteria": ["CalledNumber"]}}
DEBUG | 2011-05-22 08:48:22,953 | 5640 | NESManager.manager.save_subscription | save_subscription
DEBUG | 2011-05-22 08:48:22,953 | 5640 | NESManager.manager.save_subscription | json_data: {"startCallNotification": {"directionMode": true, "addressDirection": "Called", "monitoredParty": {"phoneNumber": "666777999"}, "reference": {"endpoint": "http://212.179.159.77/nesphase2", "interfaceName": "ParlayX"}, "criteria": ["CalledNumber"]}}
DEBUG | 2011-05-22 08:48:23,078 | 5640 | view.views.manage_subscription | manage_subscription
DEBUG | 2011-05-22 08:48:23,078 | 5640 | view.views.manage_subscription | real_number 620459358
DEBUG | 2011-05-22 08:48:23,209 | 5640 | view.views.manage_subscription | save
DEBUG | 2011-05-22 08:48:32,539 | 5640 | soaplib.service.service.build_public_methods | building public methods
DEBUG | 2011-05-22 08:48:32,539 | 5640 | soaplib.wsgi.wsgi.build_schema | adding method '{http://127.0.0.1:8000}Test'
DEBUG | 2011-05-22 08:48:32,540 | 5640 | soaplib.wsgi.wsgi.build_schema | adding method '{http://127.0.0.1:8000}hello_world'
DEBUG | 2011-05-22 08:50:22,944 | 5640 | nes_api_rest.views.views.handle | handle
DEBUG | 2011-05-22 08:52:47,772 | 5868 | nes_api_rest.views.views.handle | handle
DEBUG | 2011-05-22 08:52:47,772 | 5868 | NESManager.manager.handle | handle
DEBUG | 2011-05-22 08:53:46,891 | 2168 | nes_api_rest.views.views.handle | handle
DEBUG | 2011-05-22 08:53:46,891 | 2168 | NESManager.manager.handle | handle
DEBUG | 2011-05-22 08:56:06,157 | 5256 | nes_api_rest.views.views.handle | handle
DEBUG | 2011-05-22 08:56:31,632 | 5256 | NESManager.manager.handle | handle
DEBUG | 2011-05-22 08:57:26,880 | 5256 | nes_api_rest.views.views.handle | handle
DEBUG | 2011-05-22 08:57:32,094 | 5256 | NESManager.manager.handle | handle
DEBUG | 2011-05-22 08:57:34,104 | 5256 | NESManager.manager.handle | json_data: 
DEBUG | 2011-05-22 08:57:34,107 | 5256 | NESManager.manager.handle | called:0034620459358
DEBUG | 2011-05-22 08:57:34,108 | 5256 | NESManager.manager.handle | calling:0034666111000
DEBUG | 2011-05-22 08:57:34,109 | 5256 | NESManager.manager.handle | calledParticipant:620459358
DEBUG | 2011-05-22 08:57:34,111 | 5256 | NESManager.manager.handle | callingParticipant:666111000
DEBUG | 2011-05-22 08:57:34,112 | 5256 | NESManager.manager.handle | callSessionID:129916513689383
DEBUG | 2011-05-22 08:57:42,773 | 5256 | nes_api_rest.views.views.handle | json_data: {"action": {"transactionId": "0123456789", "callingPartyAddress": {"phoneNumber": "#666111000"}, "routingAddress": {"phoneNumber": "620459358"}, "legId": "2", "actionToPerform": "Route"}, "callSessionID": "129916513689383"}
DEBUG | 2011-05-22 09:00:13,615 | 4804 | nes_api_rest.views.views.handle | handle
DEBUG | 2011-05-22 09:00:13,615 | 4804 | NESManager.manager.handle | Inicio handle
DEBUG | 2011-05-22 09:01:07,736 | 4340 | nes_api_rest.views.views.handle | handle
DEBUG | 2011-05-22 09:01:07,736 | 4340 | NESManager.manager.handle | Inicio handle
DEBUG | 2011-05-22 09:01:07,736 | 4340 | NESManager.manager.handle | json_data: {u'callEvent': {u'callingParticipant': {u'phoneNumber': u'0034666111000'}, u'callSessionID': u'129916513689383', u'timestamp': u'129916513630886', u'legId': u'1', u'eventNotified': {u'callEvent': u'CalledNumber'}, u'roamingStatus': u'false', u'correlator': u'0000000003', u'calledParticipant': {u'phoneNumber': u'0034620459358'}}}
DEBUG | 2011-05-22 09:01:07,736 | 4340 | NESManager.manager.handle | called: 0034620459358
DEBUG | 2011-05-22 09:01:07,736 | 4340 | NESManager.manager.handle | calling: 0034666111000
DEBUG | 2011-05-22 09:01:07,736 | 4340 | NESManager.manager.handle | calledParticipant: 620459358
DEBUG | 2011-05-22 09:01:07,736 | 4340 | NESManager.manager.handle | callingParticipant: 666111000
DEBUG | 2011-05-22 09:01:07,736 | 4340 | NESManager.manager.handle | callSessionID: 129916513689383
DEBUG | 2011-05-22 09:01:07,740 | 4340 | NESManager.manager.handle |  routingAddress.phoneNumber 620459358
DEBUG | 2011-05-22 09:01:07,742 | 4340 | NESManager.manager.handle | callingPartyAddress.phoneNumber #666111000
DEBUG | 2011-05-22 09:01:07,742 | 4340 | nes_api_rest.views.views.handle | json_data: {"action": {"transactionId": "0123456789", "callingPartyAddress": {"phoneNumber": "#666111000"}, "routingAddress": {"phoneNumber": "620459358"}, "legId": "2", "actionToPerform": "Route"}, "callSessionID": "129916513689383"}
DEBUG | 2011-05-22 09:26:49,260 | 1096 | view.views.xhr_subscription | xhr_subscription
DEBUG | 2011-05-22 09:26:49,262 | 1096 | view.views.manage_subscription | manage_subscription
DEBUG | 2011-05-22 09:26:49,262 | 1096 | view.views.manage_subscription | real_number 
DEBUG | 2011-05-22 09:29:07,066 | 2812 | soaplib.service.service.build_public_methods | building public methods
DEBUG | 2011-05-22 09:29:07,069 | 2812 | soaplib.wsgi.wsgi.build_schema | adding method '{http://127.0.0.1:8000}Test'
DEBUG | 2011-05-22 09:29:07,069 | 2812 | soaplib.wsgi.wsgi.build_schema | adding method '{http://127.0.0.1:8000}hello_world'
DEBUG | 2011-05-22 09:29:12,263 | 2812 | view.views.home | home
DEBUG | 2011-05-22 09:29:12,266 | 2812 | view.views.home | real number: 620459358
DEBUG | 2011-05-22 09:29:13,453 | 2812 | view.views.xhr_subscription | xhr_subscription
DEBUG | 2011-05-22 09:29:13,457 | 2812 | view.views.xhr_subscription | DELETE
DEBUG | 2011-05-22 09:29:13,457 | 2812 | view.views.delete_subscription | delete_susbcription
DEBUG | 2011-05-22 09:29:13,578 | 2812 | view.views.delete_subscription | 620459358
DEBUG | 2011-05-22 09:29:13,760 | 2812 | view.views.delete_subscription | 666777999
DEBUG | 2011-05-22 09:29:13,762 | 2812 | view.views.delete_subscription | correlator_list: 222,222
DEBUG | 2011-05-22 09:29:13,763 | 2812 | NESManager.manager.delete_subscription | delete_subscription
DEBUG | 2011-05-22 09:29:13,911 | 2812 | view.views.manage_subscription | manage_subscription
DEBUG | 2011-05-22 09:29:13,911 | 2812 | view.views.manage_subscription | real_number 620459358
DEBUG | 2011-05-22 09:29:14,049 | 2812 | view.views.manage_subscription | delete
DEBUG | 2011-05-22 09:29:18,391 | 2812 | view.views.xhr_subscription | xhr_subscription
DEBUG | 2011-05-22 09:29:18,394 | 2812 | view.views.xhr_subscription | POST
DEBUG | 2011-05-22 09:29:18,394 | 2812 | view.views.create_subscription | create_subscription
DEBUG | 2011-05-22 09:29:18,394 | 2812 | NESManager.manager.save_subscription | save_subscription
DEBUG | 2011-05-22 09:29:18,395 | 2812 | NESManager.manager.save_subscription | json_data: {"startCallNotification": {"directionMode": true, "addressDirection": "Both", "monitoredParty": {"phoneNumber": "620459358"}, "reference": {"endpoint": "http://212.179.159.77/nesphase2", "interfaceName": "ParlayX"}, "criteria": ["CalledNumber"]}}
DEBUG | 2011-05-22 09:29:34,341 | 2812 | view.views.home | home
DEBUG | 2011-05-22 09:29:34,342 | 2812 | view.views.home | real number: 620459358
DEBUG | 2011-05-22 09:29:38,204 | 2812 | view.views.xhr_subscription | xhr_subscription
DEBUG | 2011-05-22 09:29:38,209 | 2812 | view.views.xhr_subscription | POST
DEBUG | 2011-05-22 09:29:38,210 | 2812 | view.views.create_subscription | create_subscription
DEBUG | 2011-05-22 09:29:38,211 | 2812 | NESManager.manager.save_subscription | save_subscription
DEBUG | 2011-05-22 09:29:38,213 | 2812 | NESManager.manager.save_subscription | json_data: {"startCallNotification": {"directionMode": true, "addressDirection": "Both", "monitoredParty": {"phoneNumber": "620459358"}, "reference": {"endpoint": "http://212.179.159.77/nesphase2", "interfaceName": "ParlayX"}, "criteria": ["CalledNumber"]}}
DEBUG | 2011-05-22 09:37:10,736 | 3336 | view.views.home | home
DEBUG | 2011-05-22 09:37:10,737 | 3336 | view.views.home | real number: 620459358
DEBUG | 2011-05-22 09:37:14,698 | 3336 | view.views.xhr_subscription | xhr_subscription
DEBUG | 2011-05-22 09:37:14,700 | 3336 | view.views.xhr_subscription | POST
DEBUG | 2011-05-22 09:37:14,701 | 3336 | view.views.create_subscription | create_subscription
DEBUG | 2011-05-22 09:37:14,701 | 3336 | NESManager.manager.save_subscription | save_subscription
DEBUG | 2011-05-22 09:37:14,703 | 3336 | NESManager.manager.save_subscription | json_data: {"startCallNotification": {"directionMode": true, "addressDirection": "Both", "monitoredParty": {"phoneNumber": "620459358"}, "reference": {"endpoint": "http://212.179.159.77/nesphase2", "interfaceName": "ParlayX"}, "criteria": ["CalledNumber"]}}
DEBUG | 2011-05-22 09:38:10,799 | 3336 | NESManager.manager.save_subscription | save_subscription
DEBUG | 2011-05-22 09:38:10,799 | 3336 | NESManager.manager.save_subscription | json_data: {"startCallNotification": {"directionMode": true, "addressDirection": "Called", "monitoredParty": {"phoneNumber": "666777999"}, "reference": {"endpoint": "http://212.179.159.77/nesphase2", "interfaceName": "ParlayX"}, "criteria": ["CalledNumber"]}}
DEBUG | 2011-05-22 09:38:15,137 | 3336 | view.views.manage_subscription | manage_subscription
DEBUG | 2011-05-22 09:38:15,138 | 3336 | view.views.manage_subscription | real_number 620459358
DEBUG | 2011-05-22 09:38:15,252 | 3336 | view.views.manage_subscription | save
DEBUG | 2011-05-22 09:38:27,364 | 3336 | soaplib.service.service.build_public_methods | building public methods
DEBUG | 2011-05-22 09:38:27,365 | 3336 | soaplib.wsgi.wsgi.build_schema | adding method '{http://127.0.0.1:8000}Test'
DEBUG | 2011-05-22 09:38:27,365 | 3336 | soaplib.wsgi.wsgi.build_schema | adding method '{http://127.0.0.1:8000}hello_world'
DEBUG | 2011-05-22 09:38:59,551 | 3336 | view.views.xhr_subscription | xhr_subscription
DEBUG | 2011-05-22 09:38:59,552 | 3336 | view.views.xhr_subscription | DELETE
DEBUG | 2011-05-22 09:38:59,553 | 3336 | view.views.delete_subscription | delete_susbcription
DEBUG | 2011-05-22 09:38:59,733 | 3336 | view.views.delete_subscription | 620459358
DEBUG | 2011-05-22 09:38:59,867 | 3336 | view.views.delete_subscription | 666777999
DEBUG | 2011-05-22 09:38:59,868 | 3336 | view.views.delete_subscription | correlator_list: 1234567891321,1234567891321
DEBUG | 2011-05-22 09:38:59,869 | 3336 | NESManager.manager.delete_subscription | delete_subscription
DEBUG | 2011-05-22 09:38:59,871 | 3336 | view.views.manage_subscription | manage_subscription
DEBUG | 2011-05-22 09:38:59,872 | 3336 | view.views.manage_subscription | real_number 620459358
DEBUG | 2011-05-22 09:39:00,000 | 3336 | view.views.manage_subscription | delete
DEBUG | 2011-05-22 22:53:45,542 | 220 | view.views.home | home
DEBUG | 2011-05-22 22:53:45,542 | 220 | view.views.home | real number: 620459358
DEBUG | 2011-05-23 10:23:58,480 | 4332 | view.views.home | home
DEBUG | 2011-05-23 10:23:58,480 | 4332 | view.views.home | real number: 620459358
DEBUG | 2011-05-23 10:28:37,029 | 4152 | soaplib.service.service.build_public_methods | building public methods
DEBUG | 2011-05-23 10:28:37,032 | 4152 | soaplib.wsgi.wsgi.build_schema | adding method '{NES}handleService'
DEBUG | 2011-05-23 10:34:41,423 | 4152 | view.views.xhr_subscription | xhr_subscription
DEBUG | 2011-05-23 10:34:41,424 | 4152 | view.views.xhr_subscription | POST
DEBUG | 2011-05-23 10:34:41,424 | 4152 | view.views.create_subscription | create_subscription
DEBUG | 2011-05-23 10:34:41,424 | 4152 | NESManager.manager.save_subscription | save_subscription
DEBUG | 2011-05-23 10:34:41,424 | 4152 | NESManager.manager.save_subscription | json_data: {"startCallNotification": {"directionMode": true, "addressDirection": "Both", "monitoredParty": {"phoneNumber": "620459358"}, "reference": {"endpoint": "http://212.179.159.77/nesphase2", "interfaceName": "ParlayX"}, "criteria": ["CalledNumber"]}}
DEBUG | 2011-05-23 10:34:42,062 | 4152 | NESManager.manager.save_subscription | save_subscription
DEBUG | 2011-05-23 10:34:42,062 | 4152 | NESManager.manager.save_subscription | json_data: {"startCallNotification": {"directionMode": true, "addressDirection": "Called", "monitoredParty": {"phoneNumber": "666777999"}, "reference": {"endpoint": "http://212.179.159.77/nesphase2", "interfaceName": "ParlayX"}, "criteria": ["CalledNumber"]}}
DEBUG | 2011-05-23 10:34:42,184 | 4152 | view.views.manage_subscription | manage_subscription
DEBUG | 2011-05-23 10:34:42,186 | 4152 | view.views.manage_subscription | real_number 620459358
DEBUG | 2011-05-23 10:34:42,296 | 4152 | view.views.manage_subscription | save
DEBUG | 2011-05-23 11:05:01,193 | 4604 | view.views.home | home
DEBUG | 2011-05-23 11:05:01,194 | 4604 | view.views.home | real number: 620459358
DEBUG | 2011-05-23 11:10:06,411 | 312 | view.views.home | home
DEBUG | 2011-05-23 11:10:06,411 | 312 | view.views.home | real number: 620459358
DEBUG | 2011-05-23 11:11:46,898 | 312 | view.views.home | home
DEBUG | 2011-05-23 11:11:46,900 | 312 | view.views.home | real number: 620459358
DEBUG | 2011-05-23 11:11:49,290 | 312 | view.views.xhr_subscription | xhr_subscription
DEBUG | 2011-05-23 11:11:49,292 | 312 | view.views.xhr_subscription | DELETE
DEBUG | 2011-05-23 11:11:49,292 | 312 | view.views.delete_subscription | delete_susbcription
DEBUG | 2011-05-23 11:11:49,464 | 312 | view.views.delete_subscription | 620459358
DEBUG | 2011-05-23 11:11:49,576 | 312 | view.views.delete_subscription | 666777999
DEBUG | 2011-05-23 11:11:49,578 | 312 | view.views.delete_subscription | correlator_list: 1234567891321,1234567891321
DEBUG | 2011-05-23 11:11:49,578 | 312 | NESManager.manager.delete_subscription | delete_subscription
DEBUG | 2011-05-23 11:11:49,884 | 312 | view.views.manage_subscription | manage_subscription
DEBUG | 2011-05-23 11:11:49,884 | 312 | view.views.manage_subscription | real_number 620459358
DEBUG | 2011-05-23 11:11:49,989 | 312 | view.views.manage_subscription | delete
DEBUG | 2011-05-23 11:11:57,259 | 312 | view.views.xhr_subscription | xhr_subscription
DEBUG | 2011-05-23 11:11:57,259 | 312 | view.views.xhr_subscription | POST
DEBUG | 2011-05-23 11:11:57,259 | 312 | view.views.create_subscription | create_subscription
DEBUG | 2011-05-23 11:11:57,259 | 312 | NESManager.manager.save_subscription | save_subscription
DEBUG | 2011-05-23 11:11:57,260 | 312 | NESManager.manager.save_subscription | json_data: {"startCallNotification": {"directionMode": true, "addressDirection": "Both", "monitoredParty": {"phoneNumber": "620459358"}, "reference": {"endpoint": "http://212.179.159.77/nesphase2", "interfaceName": "ParlayX"}, "criteria": ["CalledNumber"]}}
DEBUG | 2011-05-23 11:11:57,469 | 312 | NESManager.manager.save_subscription | save_subscription
DEBUG | 2011-05-23 11:11:57,469 | 312 | NESManager.manager.save_subscription | json_data: {"startCallNotification": {"directionMode": true, "addressDirection": "Called", "monitoredParty": {"phoneNumber": ""}, "reference": {"endpoint": "http://212.179.159.77/nesphase2", "interfaceName": "ParlayX"}, "criteria": ["CalledNumber"]}}
DEBUG | 2011-05-23 11:11:57,601 | 312 | view.views.manage_subscription | manage_subscription
DEBUG | 2011-05-23 11:11:57,601 | 312 | view.views.manage_subscription | real_number 620459358
DEBUG | 2011-05-23 11:15:20,381 | 312 | view.views.xhr_subscription | xhr_subscription
DEBUG | 2011-05-23 11:15:20,384 | 312 | view.views.manage_subscription | manage_subscription
DEBUG | 2011-05-23 11:15:20,384 | 312 | view.views.manage_subscription | real_number 
DEBUG | 2011-05-23 11:15:28,760 | 312 | soaplib.service.service.build_public_methods | building public methods
DEBUG | 2011-05-23 11:15:28,762 | 312 | soaplib.wsgi.wsgi.build_schema | adding method '{NES}handleService'
DEBUG | 2011-05-23 11:15:51,721 | 312 | view.views.xhr_subscription | xhr_subscription
DEBUG | 2011-05-23 11:15:51,723 | 312 | view.views.manage_subscription | manage_subscription
DEBUG | 2011-05-23 11:15:51,723 | 312 | view.views.manage_subscription | real_number 
DEBUG | 2011-05-23 11:17:57,065 | 3884 | view.views.home | home
DEBUG | 2011-05-23 11:17:57,065 | 3884 | view.views.home | real number: 620459358
DEBUG | 2011-05-23 11:18:01,839 | 3884 | view.views.xhr_subscription | xhr_subscription
DEBUG | 2011-05-23 11:18:01,841 | 3884 | view.views.xhr_subscription | POST
DEBUG | 2011-05-23 11:18:01,841 | 3884 | view.views.create_subscription | create_subscription
DEBUG | 2011-05-23 11:18:01,841 | 3884 | NESManager.manager.save_subscription | save_subscription
DEBUG | 2011-05-23 11:18:01,842 | 3884 | NESManager.manager.save_subscription | json_data: {"startCallNotification": {"directionMode": true, "addressDirection": "Both", "monitoredParty": {"phoneNumber": "620459358"}, "reference": {"endpoint": "http://212.179.159.77/nesphase2", "interfaceName": "ParlayX"}, "criteria": ["CalledNumber"]}}
DEBUG | 2011-05-23 11:18:02,151 | 3884 | NESManager.manager.save_subscription | save_subscription
DEBUG | 2011-05-23 11:18:02,153 | 3884 | NESManager.manager.save_subscription | json_data: {"startCallNotification": {"directionMode": true, "addressDirection": "Called", "monitoredParty": {"phoneNumber": "666777999"}, "reference": {"endpoint": "http://212.179.159.77/nesphase2", "interfaceName": "ParlayX"}, "criteria": ["CalledNumber"]}}
DEBUG | 2011-05-23 11:18:02,289 | 3884 | view.views.manage_subscription | manage_subscription
DEBUG | 2011-05-23 11:18:02,289 | 3884 | view.views.manage_subscription | real_number 620459358
DEBUG | 2011-05-23 11:18:02,401 | 3884 | view.views.manage_subscription | save
DEBUG | 2011-05-23 11:18:06,197 | 3884 | soaplib.service.service.build_public_methods | building public methods
DEBUG | 2011-05-23 11:18:06,197 | 3884 | soaplib.wsgi.wsgi.build_schema | adding method '{NES}handleService'
DEBUG | 2011-05-23 11:18:11,671 | 3884 | nes_api_rest.views.views.handle | handle
DEBUG | 2011-05-23 11:18:11,671 | 3884 | NESManager.manager.handle | Inicio handle
DEBUG | 2011-05-23 11:18:11,671 | 3884 | NESManager.manager.handle | json_data: {u'callEvent': {u'callingParticipant': {u'phoneNumber': u'0034666111000'}, u'callSessionID': u'129916513689383', u'timestamp': u'129916513630886', u'legId': u'1', u'eventNotified': {u'callEvent': u'CalledNumber'}, u'roamingStatus': u'false', u'correlator': u'0000000003', u'calledParticipant': {u'phoneNumber': u'0034620459358'}}}
DEBUG | 2011-05-23 11:18:11,671 | 3884 | NESManager.manager.handle | called: 0034620459358
DEBUG | 2011-05-23 11:18:11,671 | 3884 | NESManager.manager.handle | calling: 0034666111000
DEBUG | 2011-05-23 11:18:11,673 | 3884 | NESManager.manager.handle | calledParticipant: 620459358
DEBUG | 2011-05-23 11:18:11,673 | 3884 | NESManager.manager.handle | callingParticipant: 666111000
DEBUG | 2011-05-23 11:18:11,673 | 3884 | NESManager.manager.handle | callSessionID: 129916513689383
DEBUG | 2011-05-23 11:18:11,678 | 3884 | NESManager.manager.handle | routingAddress.phoneNumber 620459358
DEBUG | 2011-05-23 11:18:11,678 | 3884 | NESManager.manager.handle | callingPartyAddress.phoneNumber #666111000
DEBUG | 2011-05-23 11:18:11,678 | 3884 | nes_api_rest.views.views.handle | json_data: {"action": {"transactionId": "0123456789", "callingPartyAddress": {"phoneNumber": "#666111000"}, "routingAddress": {"phoneNumber": "620459358"}, "legId": "2", "actionToPerform": "Route"}, "callSessionID": "129916513689383"}
DEBUG | 2011-05-23 11:44:09,240 | 5572 | view.views.home | home
DEBUG | 2011-05-23 11:44:18,147 | 5572 | view.views.home | real number: 620459358
DEBUG | 2011-05-25 14:55:44,336 | 1916 | soaplib.service.service.build_public_methods | building public methods
DEBUG | 2011-05-25 14:55:44,483 | 1916 | soaplib.wsgi.wsgi.build_schema | adding method '{NES}handleService'
DEBUG | 2011-05-25 14:57:58,832 | 1916 | view.views.home | home
DEBUG | 2011-05-25 14:57:58,834 | 1916 | view.views.home | real number: 620459358
DEBUG | 2011-05-25 14:58:09,401 | 1916 | view.views.xhr_subscription | xhr_subscription
DEBUG | 2011-05-25 14:58:18,336 | 1916 | view.views.xhr_subscription | POST
DEBUG | 2011-05-25 14:58:18,342 | 1916 | view.views.create_subscription | create_subscription
DEBUG | 2011-05-25 14:58:18,342 | 1916 | NESManager.manager.save_subscription | save_subscription
DEBUG | 2011-05-25 14:58:18,344 | 1916 | NESManager.manager.save_subscription | json_data: {"startCallNotification": {"directionMode": true, "addressDirection": "Both", "monitoredParty": {"phoneNumber": "0034620459358"}, "reference": {"endpoint": "http://212.179.159.77/nesphase2", "interfaceName": "ParlayX"}, "criteria": ["CalledNumber"]}}
DEBUG | 2011-05-25 14:58:21,510 | 1916 | NESManager.manager.save_subscription | save_subscription
DEBUG | 2011-05-25 14:58:21,513 | 1916 | NESManager.manager.save_subscription | json_data: {"startCallNotification": {"directionMode": true, "addressDirection": "Called", "monitoredParty": {"phoneNumber": "0034620459698"}, "reference": {"endpoint": "http://212.179.159.77/nesphase2", "interfaceName": "ParlayX"}, "criteria": ["CalledNumber"]}}
DEBUG | 2011-05-25 14:58:22,017 | 1916 | view.views.manage_subscription | manage_subscription
DEBUG | 2011-05-25 14:58:22,019 | 1916 | view.views.manage_subscription | real_number 0034620459358
DEBUG | 2011-05-25 14:58:22,187 | 1916 | view.views.manage_subscription | save
DEBUG | 2011-05-25 14:59:02,604 | 1916 | view.views.xhr_subscription | xhr_subscription
DEBUG | 2011-05-25 14:59:02,609 | 1916 | view.views.xhr_subscription | DELETE
DEBUG | 2011-05-25 14:59:02,611 | 1916 | view.views.delete_subscription | delete_susbcription
DEBUG | 2011-05-25 14:59:02,798 | 1916 | view.views.delete_subscription | 0034620459358
DEBUG | 2011-05-25 14:59:12,938 | 1916 | view.views.home | home
DEBUG | 2011-05-25 14:59:12,940 | 1916 | view.views.home | real number: 620459358
DEBUG | 2011-05-25 15:00:59,987 | 1916 | view.views.xhr_subscription | xhr_subscription
DEBUG | 2011-05-25 15:01:00,006 | 1916 | view.views.xhr_subscription | POST
DEBUG | 2011-05-25 15:01:00,007 | 1916 | view.views.create_subscription | create_subscription
DEBUG | 2011-05-25 15:01:00,009 | 1916 | NESManager.manager.save_subscription | save_subscription
DEBUG | 2011-05-25 15:01:00,009 | 1916 | NESManager.manager.save_subscription | json_data: {"startCallNotification": {"directionMode": true, "addressDirection": "Both", "monitoredParty": {"phoneNumber": "0034620459358"}, "reference": {"endpoint": "http://212.179.159.77/nesphase2", "interfaceName": "ParlayX"}, "criteria": ["CalledNumber"]}}
DEBUG | 2011-05-25 15:01:01,918 | 1916 | NESManager.manager.save_subscription | save_subscription
DEBUG | 2011-05-25 15:01:01,918 | 1916 | NESManager.manager.save_subscription | json_data: {"startCallNotification": {"directionMode": true, "addressDirection": "Called", "monitoredParty": {"phoneNumber": "0034666777999"}, "reference": {"endpoint": "http://212.179.159.77/nesphase2", "interfaceName": "ParlayX"}, "criteria": ["CalledNumber"]}}
DEBUG | 2011-05-25 15:01:02,650 | 1916 | view.views.manage_subscription | manage_subscription
DEBUG | 2011-05-25 15:01:02,651 | 1916 | view.views.manage_subscription | real_number 0034620459358
DEBUG | 2011-05-25 15:01:02,970 | 1916 | view.views.manage_subscription | save
DEBUG | 2011-05-25 15:04:26,598 | 1128 | view.views.xhr_subscription | xhr_subscription
DEBUG | 2011-05-25 16:16:10,167 | 7932 | view.views.home | home
DEBUG | 2011-05-25 16:16:10,234 | 7932 | view.views.home | real number: 620459358
DEBUG | 2011-05-25 16:16:17,046 | 7932 | soaplib.service.service.build_public_methods | building public methods
DEBUG | 2011-05-25 16:16:17,048 | 7932 | soaplib.wsgi.wsgi.build_schema | adding method '{NES}handleService'
DEBUG | 2011-05-25 16:16:26,108 | 7932 | view.views.home | home
DEBUG | 2011-05-25 16:16:26,108 | 7932 | view.views.home | real number: 620459358
DEBUG | 2011-05-25 16:16:51,753 | 7932 | view.views.home | home
DEBUG | 2011-05-25 16:16:51,755 | 7932 | view.views.home | real number: 620459358
DEBUG | 2011-05-25 16:17:01,183 | 7932 | view.views.xhr_subscription | xhr_subscription
DEBUG | 2011-05-25 16:17:01,197 | 7932 | view.views.xhr_subscription | POST
DEBUG | 2011-05-25 16:17:01,197 | 7932 | view.views.create_subscription | create_subscription
DEBUG | 2011-05-25 16:17:01,198 | 7932 | NESManager.manager.save_subscription | save_subscription
DEBUG | 2011-05-25 16:17:01,200 | 7932 | NESManager.manager.save_subscription | json_data: {"startCallNotification": {"directionMode": true, "addressDirection": "Both", "monitoredParty": {"phoneNumber": "0034620459358"}, "reference": {"endpoint": "http://212.179.159.77/nesphase2", "interfaceName": "ParlayX"}, "criteria": ["CalledNumber"]}}
DEBUG | 2011-05-25 16:17:02,058 | 7932 | NESManager.manager.save_subscription | save_subscription
DEBUG | 2011-05-25 16:17:02,059 | 7932 | NESManager.manager.save_subscription | json_data: {"startCallNotification": {"directionMode": true, "addressDirection": "Called", "monitoredParty": {"phoneNumber": "0034620459698"}, "reference": {"endpoint": "http://212.179.159.77/nesphase2", "interfaceName": "ParlayX"}, "criteria": ["CalledNumber"]}}
DEBUG | 2011-05-25 16:17:02,328 | 7932 | view.views.manage_subscription | manage_subscription
DEBUG | 2011-05-25 16:17:02,329 | 7932 | view.views.manage_subscription | real_number 0034620459358
DEBUG | 2011-05-25 16:17:02,490 | 7932 | view.views.manage_subscription | save
DEBUG | 2011-05-25 16:17:39,500 | 7932 | view.views.home | home
DEBUG | 2011-05-25 16:17:39,502 | 7932 | view.views.home | real number: 620459358
DEBUG | 2011-05-25 16:17:41,190 | 7932 | view.views.home | home
DEBUG | 2011-05-25 16:17:41,190 | 7932 | view.views.home | real number: 620459358
DEBUG | 2011-05-25 16:18:24,378 | 7932 | view.views.home | home
DEBUG | 2011-05-25 16:18:27,253 | 7932 | view.views.home | real number: 620459358
DEBUG | 2011-05-25 16:19:54,253 | 7044 | view.views.home | home
DEBUG | 2011-05-25 16:19:54,255 | 7044 | view.views.home | real number: 0034620459358
DEBUG | 2011-05-25 16:21:01,762 | 7044 | view.views.home | home
DEBUG | 2011-05-25 16:21:01,763 | 7044 | view.views.home | real number: 0034620459358
DEBUG | 2011-05-25 16:23:23,716 | 7044 | view.views.home | home
DEBUG | 2011-05-25 16:23:28,844 | 7044 | view.views.home | real number: 0034620459358
DEBUG | 2011-05-25 16:36:25,750 | 7484 | view.views.home | home
DEBUG | 2011-05-25 16:36:25,815 | 7484 | view.views.home | real number: 620459358
DEBUG | 2011-05-25 16:37:19,026 | 7928 | soaplib.service.service.build_public_methods | building public methods
DEBUG | 2011-05-25 16:37:19,028 | 7928 | soaplib.wsgi.wsgi.build_schema | adding method '{NES}handleService'
DEBUG | 2011-05-25 16:37:19,897 | 7928 | view.views.home | home
DEBUG | 2011-05-25 16:37:19,897 | 7928 | view.views.home | real number: 620459358
DEBUG | 2011-05-25 16:37:51,059 | 7928 | view.views.home | home
DEBUG | 2011-05-25 16:37:51,059 | 7928 | view.views.home | real number: 620459358
DEBUG | 2011-05-25 16:37:56,510 | 7928 | view.views.xhr_subscription | xhr_subscription
DEBUG | 2011-05-25 16:37:56,512 | 7928 | view.views.xhr_subscription | prefix 0034
DEBUG | 2011-05-25 16:37:56,512 | 7928 | view.views.xhr_subscription | POST
DEBUG | 2011-05-25 16:37:56,513 | 7928 | view.views.create_subscription | create_subscription
DEBUG | 2011-05-25 16:37:56,513 | 7928 | NESManager.manager.save_subscription | save_subscription
DEBUG | 2011-05-25 16:37:56,513 | 7928 | NESManager.manager.save_subscription | json_data: {"startCallNotification": {"directionMode": true, "addressDirection": "Both", "monitoredParty": {"phoneNumber": "0034620459358"}, "reference": {"endpoint": "http://212.179.159.77/nesphase2", "interfaceName": "ParlayX"}, "criteria": ["CalledNumber"]}}
DEBUG | 2011-05-25 16:37:58,362 | 7928 | NESManager.manager.save_subscription | save_subscription
DEBUG | 2011-05-25 16:37:58,362 | 7928 | NESManager.manager.save_subscription | json_data: {"startCallNotification": {"directionMode": true, "addressDirection": "Called", "monitoredParty": {"phoneNumber": "0034666777999"}, "reference": {"endpoint": "http://212.179.159.77/nesphase2", "interfaceName": "ParlayX"}, "criteria": ["CalledNumber"]}}
DEBUG | 2011-05-25 16:37:58,569 | 7928 | view.views.manage_subscription | manage_subscription
DEBUG | 2011-05-25 16:37:58,569 | 7928 | view.views.manage_subscription | real_number 620459358
DEBUG | 2011-05-25 16:37:58,684 | 7928 | view.views.manage_subscription | save
DEBUG | 2011-05-25 16:38:13,101 | 7928 | view.views.xhr_subscription | xhr_subscription
DEBUG | 2011-05-25 16:38:13,101 | 7928 | view.views.xhr_subscription | prefix 0034
DEBUG | 2011-05-25 16:38:13,101 | 7928 | view.views.xhr_subscription | DELETE
DEBUG | 2011-05-25 16:38:13,101 | 7928 | view.views.delete_subscription | delete_susbcription
DEBUG | 2011-05-25 16:38:13,269 | 7928 | view.views.delete_subscription | 0034620459358
DEBUG | 2011-05-25 16:38:13,507 | 7928 | view.views.delete_subscription | 0034666777999
DEBUG | 2011-05-25 16:38:13,509 | 7928 | view.views.delete_subscription | correlator_list: 1234567891321,1234567891321
DEBUG | 2011-05-25 16:38:13,509 | 7928 | NESManager.manager.delete_subscription | delete_subscription
DEBUG | 2011-05-25 16:38:13,509 | 7928 | view.views.manage_subscription | manage_subscription
DEBUG | 2011-05-25 16:38:13,509 | 7928 | view.views.manage_subscription | real_number 620459358
DEBUG | 2011-05-25 16:38:13,832 | 7928 | view.views.manage_subscription | delete
DEBUG | 2011-05-25 17:17:21,059 | 6288 | view.views.home | home
DEBUG | 2011-05-25 17:17:21,085 | 6288 | view.views.home | real number: 620459358
DEBUG | 2011-05-25 17:17:31,434 | 6288 | view.views.xhr_subscription | xhr_subscription
DEBUG | 2011-05-25 17:17:37,608 | 6288 | view.views.xhr_subscription | prefix 0034
DEBUG | 2011-05-25 17:17:40,528 | 6288 | view.views.xhr_subscription | POST
DEBUG | 2011-05-25 17:17:48,463 | 6288 | view.views.create_subscription | create_subscription
DEBUG | 2011-05-25 17:18:11,211 | 6288 | NESManager.manager.save_subscription | save_subscription
DEBUG | 2011-05-25 17:18:18,265 | 6288 | NESManager.manager.save_subscription | json_data: {"startCallNotification": {"directionMode": true, "addressDirection": "Both", "monitoredParty": {"phoneNumber": "0034620459358"}, "reference": {"endpoint": "http://212.179.159.77/nesphase2", "interfaceName": "ParlayX"}, "criteria": ["CalledNumber"]}}
DEBUG | 2011-05-25 17:18:19,355 | 6288 | NESManager.manager.save_subscription | save_subscription
DEBUG | 2011-05-25 17:18:19,357 | 6288 | NESManager.manager.save_subscription | json_data: {"startCallNotification": {"directionMode": true, "addressDirection": "Called", "monitoredParty": {"phoneNumber": "0034666777999"}, "reference": {"endpoint": "http://212.179.159.77/nesphase2", "interfaceName": "ParlayX"}, "criteria": ["CalledNumber"]}}
DEBUG | 2011-05-25 17:18:19,565 | 6288 | view.views.manage_subscription | manage_subscription
DEBUG | 2011-05-25 17:18:19,566 | 6288 | view.views.manage_subscription | real_number 620459358
DEBUG | 2011-05-25 17:18:19,704 | 6288 | view.views.manage_subscription | save
